
Showing logs for build [32mcb-kubecd-environment-pr-198-25-rrfpt-1[0m stage [32mfrom-build-pack[0m and container [32mstep-credential-initializer-tvpgg[0m
{"level":"warn","ts":1586497138.6454704,"logger":"fallback-logger","caller":"logging/config.go:69","msg":"Fetch GitHub commit ID from kodata failed: \"ref: refs/heads/0.8.0-**-support-backwards-incompats\" is not a valid GitHub commit ID"}
{"level":"info","ts":1586497138.6465034,"logger":"fallback-logger","caller":"creds-init/main.go:40","msg":"Credentials initialized."}

Showing logs for build [32mcb-kubecd-environment-pr-198-25-rrfpt-1[0m stage [32mfrom-build-pack[0m and container [32mstep-working-dir-initializer-dqxbr[0m
{"level":"warn","ts":1586497139.7952995,"logger":"fallback-logger","caller":"logging/config.go:69","msg":"Fetch GitHub commit ID from kodata failed: open /var/run/ko/HEAD: no such file or directory"}
{"level":"info","ts":1586497139.7963345,"logger":"fallback-logger","caller":"bash/main.go:64","msg":"Successfully executed command \"sh -c mkdir -p /workspace/source\"; output "}

Showing logs for build [32mcb-kubecd-environment-pr-198-25-rrfpt-1[0m stage [32mfrom-build-pack[0m and container [32mstep-place-tools[0m

Showing logs for build [32mcb-kubecd-environment-pr-198-25-rrfpt-1[0m stage [32mfrom-build-pack[0m and container [32mstep-git-source-cb-kubecd-environment-pr-198-25-rrfpt-5jvw2[0m
{"level":"warn","ts":1586497143.9021578,"logger":"fallback-logger","caller":"logging/config.go:69","msg":"Fetch GitHub commit ID from kodata failed: \"ref: refs/heads/0.8.0-**-support-backwards-incompats\" is not a valid GitHub commit ID"}
{"level":"info","ts":1586497144.9769354,"logger":"fallback-logger","caller":"git/git.go:103","msg":"Successfully cloned https://github.com/cb-kubecd/environment-pr-198-25-boot-gke-staging.git @ master in path /workspace/source"}

Showing logs for build [32mcb-kubecd-environment-pr-198-25-rrfpt-1[0m stage [32mfrom-build-pack[0m and container [32mstep-git-merge[0m
Using SHAs from PULL_REFS=master:287523c6b35c9d43dec25a0b5818cb61128f1e38,7:9dda027dd713d2b72085980794c31e196ec843da
DEBUG: LC_ALL=C JX_LOG_LEVEL=error git fetch origin --unshallow 9dda027dd713d2b72085980794c31e196ec843da: 287523c6b35c9d43dec25a0b5818cb61128f1e38:
DEBUG: ran git fetch --unshallow origin 9dda027dd713d2b72085980794c31e196ec843da: 287523c6b35c9d43dec25a0b5818cb61128f1e38: in 
DEBUG: LC_ALL=C JX_LOG_LEVEL=error git branch
DEBUG: LC_ALL=C JX_LOG_LEVEL=error git checkout master
DEBUG: ran git checkout master in 
DEBUG: LC_ALL=C JX_LOG_LEVEL=error git reset --hard 287523c6b35c9d43dec25a0b5818cb61128f1e38
DEBUG: ran git reset --hard 287523c6b35c9d43dec25a0b5818cb61128f1e38 in 
DEBUG: LC_ALL=C JX_LOG_LEVEL=error git clean -fd .
DEBUG: ran clean --force -d . in 
DEBUG: LC_ALL=C JX_LOG_LEVEL=error git merge 9dda027dd713d2b72085980794c31e196ec843da
DEBUG: ran git merge 9dda027dd713d2b72085980794c31e196ec843da in 
DEBUG: LC_ALL=C JX_LOG_LEVEL=error git log --format=%H%x1f%an%x1f%ae%x1f%cn%x1f%ce%x1f%s%n%b%x1e 287523c6b35c9d43dec25a0b5818cb61128f1e38..HEAD
Merged SHA 9dda027dd713d2b72085980794c31e196ec843da with commit message 'chore: Promote bdd-ghf**y-import-1586495915 to version 0.0.1' into base branch master

Showing logs for build [32mcb-kubecd-environment-pr-198-25-rrfpt-1[0m stage [32mfrom-build-pack[0m and container [32mstep-build-helm-build[0m
WARNING: No $CHART_REPOSITORY defined so using the default value of: http://jenkins-x-chartmuseum:8080
Adding missing Helm repo: storage.googleapis.com https://storage.googleapis.com/chartmuseum.jenkins-x.io
WARNING: No secrets found on "helm/repos" due: reading the secret "helm/repos" from vault: no secret "helm/repos" not found in vault
Read credentials for https://storage.googleapis.com/chartmuseum.jenkins-x.io from vault helm/repos
Successfully added Helm repository storage.googleapis.com.
Adding missing Helm repo: jenkins-x-chartmuseum http://jenkins-x-chartmuseum:8080
WARNING: No secrets found on "helm/repos" due: reading the secret "helm/repos" from vault: no secret "helm/repos" not found in vault
Read credentials for http://jenkins-x-chartmuseum:8080 from vault helm/repos
Successfully added Helm repository jenkins-x-chartmuseum.
WARNING: No $CHART_REPOSITORY defined so using the default value of: http://jenkins-x-chartmuseum:8080
Adding missing Helm repo: chartmuseum.jenkins-x.io http://chartmuseum.jenkins-x.io
WARNING: No secrets found on "helm/repos" due: reading the secret "helm/repos" from vault: no secret "helm/repos" not found in vault
Read credentials for http://chartmuseum.jenkins-x.io from vault helm/repos
Successfully added Helm repository chartmuseum.jenkins-x.io.
